<?xml version="1.0" encoding="UTF-8"?>
<testng-results ignored="0" total="4" passed="3" failed="1" skipped="0">
  <reporter-output>
  </reporter-output>
  <suite started-at="2022-08-17T15:26:31 IST" name="Suite" finished-at="2022-08-17T15:26:38 IST" duration-ms="6620">
    <groups>
    </groups>
    <test started-at="2022-08-17T15:26:31 IST" name="validate nav bar" finished-at="2022-08-17T15:26:35 IST" duration-ms="4118">
      <class name="e2eProject.ValidateNavigationBar">
        <test-method is-config="true" signature="initialize()[pri:0, instance:e2eProject.ValidateNavigationBar@3277e499]" started-at="2022-08-17T15:26:31 IST" name="initialize" finished-at="2022-08-17T15:26:35 IST" duration-ms="3944" status="PASS">
          <reporter-output>
          </reporter-output>
        </test-method> <!-- initialize -->
        <test-method signature="basePageNaviagation()[pri:0, instance:e2eProject.ValidateNavigationBar@3277e499]" started-at="2022-08-17T15:26:35 IST" name="basePageNaviagation" finished-at="2022-08-17T15:26:35 IST" duration-ms="67" status="PASS">
          <reporter-output>
          </reporter-output>
        </test-method> <!-- basePageNaviagation -->
        <test-method is-config="true" signature="tearDown()[pri:0, instance:e2eProject.ValidateNavigationBar@3277e499]" started-at="2022-08-17T15:26:35 IST" name="tearDown" finished-at="2022-08-17T15:26:35 IST" duration-ms="81" status="PASS">
          <reporter-output>
          </reporter-output>
        </test-method> <!-- tearDown -->
      </class> <!-- e2eProject.ValidateNavigationBar -->
    </test> <!-- validate nav bar -->
    <test started-at="2022-08-17T15:26:31 IST" name="Validate titlr" finished-at="2022-08-17T15:26:36 IST" duration-ms="4673">
      <class name="e2eProject.ValidateTitle">
        <test-method is-config="true" signature="initialize()[pri:0, instance:e2eProject.ValidateTitle@525d79f0]" started-at="2022-08-17T15:26:31 IST" name="initialize" finished-at="2022-08-17T15:26:35 IST" duration-ms="3770" status="PASS">
          <reporter-output>
          </reporter-output>
        </test-method> <!-- initialize -->
        <test-method signature="basePageNaviagation()[pri:0, instance:e2eProject.ValidateTitle@525d79f0]" started-at="2022-08-17T15:26:35 IST" name="basePageNaviagation" finished-at="2022-08-17T15:26:36 IST" duration-ms="456" status="FAIL">
          <exception class="java.lang.AssertionError">
            <message>
              <![CDATA[expected [FEATURED COURSE] but found [FEATURED COURSES]]]>
            </message>
            <full-stacktrace>
              <![CDATA[java.lang.AssertionError: expected [FEATURED COURSE] but found [FEATURED COURSES]
at org.testng.Assert.fail(Assert.java:110)
at org.testng.Assert.failNotEquals(Assert.java:1413)
at org.testng.Assert.assertEqualsImpl(Assert.java:149)
at org.testng.Assert.assertEquals(Assert.java:131)
at org.testng.Assert.assertEquals(Assert.java:655)
at org.testng.Assert.assertEquals(Assert.java:665)
at e2eProject.ValidateTitle.basePageNaviagation(ValidateTitle.java:32)
at java.base/jdk.internal.reflect.NativeMethodAccessorImpl.invoke0(Native Method)
at java.base/jdk.internal.reflect.NativeMethodAccessorImpl.invoke(NativeMethodAccessorImpl.java:62)
at java.base/jdk.internal.reflect.DelegatingMethodAccessorImpl.invoke(DelegatingMethodAccessorImpl.java:43)
at java.base/java.lang.reflect.Method.invoke(Method.java:566)
at org.testng.internal.invokers.MethodInvocationHelper.invokeMethod(MethodInvocationHelper.java:139)
at org.testng.internal.invokers.TestInvoker.invokeMethod(TestInvoker.java:677)
at org.testng.internal.invokers.TestInvoker.invokeTestMethod(TestInvoker.java:221)
at org.testng.internal.invokers.MethodRunner.runInSequence(MethodRunner.java:50)
at org.testng.internal.invokers.TestInvoker$MethodInvocationAgent.invoke(TestInvoker.java:962)
at org.testng.internal.invokers.TestInvoker.invokeTestMethods(TestInvoker.java:194)
at org.testng.internal.invokers.TestMethodWorker.invokeTestMethods(TestMethodWorker.java:148)
at org.testng.internal.invokers.TestMethodWorker.run(TestMethodWorker.java:128)
at java.base/java.util.ArrayList.forEach(ArrayList.java:1541)
at org.testng.TestRunner.privateRun(TestRunner.java:806)
at org.testng.TestRunner.run(TestRunner.java:601)
at org.testng.SuiteRunner.runTest(SuiteRunner.java:433)
at org.testng.SuiteRunner$SuiteWorker.run(SuiteRunner.java:471)
at org.testng.internal.thread.ThreadUtil.lambda$execute$0(ThreadUtil.java:58)
at java.base/java.util.concurrent.FutureTask.run(FutureTask.java:264)
at java.base/java.util.concurrent.ThreadPoolExecutor.runWorker(ThreadPoolExecutor.java:1128)
at java.base/java.util.concurrent.ThreadPoolExecutor$Worker.run(ThreadPoolExecutor.java:628)
at java.base/java.lang.Thread.run(Thread.java:834)
]]>
            </full-stacktrace>
          </exception> <!-- java.lang.AssertionError -->
          <reporter-output>
          </reporter-output>
        </test-method> <!-- basePageNaviagation -->
        <test-method is-config="true" signature="tearDown()[pri:0, instance:e2eProject.ValidateTitle@525d79f0]" started-at="2022-08-17T15:26:36 IST" name="tearDown" finished-at="2022-08-17T15:26:36 IST" duration-ms="120" status="PASS">
          <reporter-output>
          </reporter-output>
        </test-method> <!-- tearDown -->
      </class> <!-- e2eProject.ValidateTitle -->
    </test> <!-- Validate titlr -->
    <test started-at="2022-08-17T15:26:31 IST" name="Test2" finished-at="2022-08-17T15:26:38 IST" duration-ms="6620">
      <class name="e2eProject.Homepage">
        <test-method is-config="true" signature="initialize()[pri:0, instance:e2eProject.Homepage@120f38e6]" started-at="2022-08-17T15:26:31 IST" name="initialize" finished-at="2022-08-17T15:26:34 IST" duration-ms="2145" status="PASS">
          <reporter-output>
          </reporter-output>
        </test-method> <!-- initialize -->
        <test-method signature="basePageNaviagation(java.lang.String,java.lang.String)[pri:0, instance:e2eProject.Homepage@120f38e6]" started-at="2022-08-17T15:26:34 IST" name="basePageNaviagation" data-provider="getData" finished-at="2022-08-17T15:26:36 IST" duration-ms="2879" status="PASS">
          <params>
            <param index="0">
              <value>
                <![CDATA[nonrestricteduser@qw.com]]>
              </value>
            </param>
            <param index="1">
              <value>
                <![CDATA[123456]]>
              </value>
            </param>
          </params>
          <reporter-output>
          </reporter-output>
        </test-method> <!-- basePageNaviagation -->
        <test-method signature="basePageNaviagation(java.lang.String,java.lang.String)[pri:0, instance:e2eProject.Homepage@120f38e6]" started-at="2022-08-17T15:26:36 IST" name="basePageNaviagation" data-provider="getData" finished-at="2022-08-17T15:26:38 IST" duration-ms="1490" status="PASS">
          <params>
            <param index="0">
              <value>
                <![CDATA[restricteduser@qw.com]]>
              </value>
            </param>
            <param index="1">
              <value>
                <![CDATA[456788]]>
              </value>
            </param>
          </params>
          <reporter-output>
          </reporter-output>
        </test-method> <!-- basePageNaviagation -->
        <test-method is-config="true" signature="tearDown()[pri:0, instance:e2eProject.Homepage@120f38e6]" started-at="2022-08-17T15:26:38 IST" name="tearDown" finished-at="2022-08-17T15:26:38 IST" duration-ms="47" status="PASS">
          <reporter-output>
          </reporter-output>
        </test-method> <!-- tearDown -->
      </class> <!-- e2eProject.Homepage -->
    </test> <!-- Test2 -->
  </suite> <!-- Suite -->
</testng-results>
